# JRE version: OpenJDK Runtime Environment Temurin-17.0.18+8 (17.0.18+8) (build 17.0.18+8)
# Java VM: OpenJDK 64-Bit Server VM Temurin-17.0.18+8 (17.0.18+8, mixed mode, sharing, tiered, compressed oops, compressed class ptrs, g1 gc, windows-amd64)
GC Precious Log:
 CPUs: 16 total, 16 available
 Memory: 15985M
 Large Page Support: Disabled
 NUMA Support: Disabled
 Compressed Oops: Enabled (Zero based)
 Heap Region Size: 2M
 Heap Min Capacity: 8M
 Heap Initial Capacity: 250M
 Heap Max Capacity: 4G
 Pre-touch: Disabled
 Parallel Workers: 13
 Concurrent Workers: 3
 Concurrent Refinement Workers: 13
 Periodic GC: Disabled
Heap:
 garbage-first heap   total 567296K, used 446020K [0x0000000700000000, 0x0000000800000000)
  region size 2048K, 13 young (26624K), 2 survivors (4096K)
 Metaspace       used 141245K, committed 143424K, reserved 1179648K
  class space    used 19214K, committed 20224K, reserved 1048576K
GC Heap History (20 events):
Event: 205.696 GC heap before
{Heap before GC invocations=77 (full 0):
 garbage-first heap   total 567296K, used 481216K [0x0000000700000000, 0x0000000800000000)
  region size 2048K, 70 young (143360K), 6 survivors (12288K)
 Metaspace       used 140189K, committed 142336K, reserved 1179648K
  class space    used 19110K, committed 20096K, reserved 1048576K
}
Event: 205.715 GC heap after
{Heap after GC invocations=78 (full 0):
 garbage-first heap   total 567296K, used 355594K [0x0000000700000000, 0x0000000800000000)
  region size 2048K, 6 young (12288K), 6 survivors (12288K)
 Metaspace       used 140189K, committed 142336K, reserved 1179648K
  class space    used 19110K, committed 20096K, reserved 1048576K
}
Event: 208.068 GC heap before
{Heap before GC invocations=78 (full 0):
 garbage-first heap   total 567296K, used 482570K [0x0000000700000000, 0x0000000800000000)
  region size 2048K, 68 young (139264K), 6 survivors (12288K)
 Metaspace       used 140397K, committed 142592K, reserved 1179648K
  class space    used 19128K, committed 20160K, reserved 1048576K
}
Event: 208.095 GC heap after
{Heap after GC invocations=79 (full 0):
 garbage-first heap   total 567296K, used 384446K [0x0000000700000000, 0x0000000800000000)
  region size 2048K, 9 young (18432K), 9 survivors (18432K)
 Metaspace       used 140397K, committed 142592K, reserved 1179648K
  class space    used 19128K, committed 20160K, reserved 1048576K
}
Event: 208.638 GC heap before
{Heap before GC invocations=79 (full 0):
 garbage-first heap   total 567296K, used 468414K [0x0000000700000000, 0x0000000800000000)
  region size 2048K, 51 young (104448K), 9 survivors (18432K)
 Metaspace       used 140458K, committed 142656K, reserved 1179648K
  class space    used 19138K, committed 20160K, reserved 1048576K
}
Event: 208.677 GC heap after
{Heap after GC invocations=80 (full 0):
 garbage-first heap   total 567296K, used 399182K [0x0000000700000000, 0x0000000800000000)
  region size 2048K, 7 young (14336K), 7 survivors (14336K)
 Metaspace       used 140458K, committed 142656K, reserved 1179648K
  class space    used 19138K, committed 20160K, reserved 1048576K
}
Event: 209.865 GC heap before
{Heap before GC invocations=80 (full 0):
 garbage-first heap   total 567296K, used 470862K [0x0000000700000000, 0x0000000800000000)
  region size 2048K, 42 young (86016K), 7 survivors (14336K)
 Metaspace       used 140549K, committed 142720K, reserved 1179648K
  class space    used 19153K, committed 20160K, reserved 1048576K
}
Event: 209.889 GC heap after
{Heap after GC invocations=81 (full 0):
 garbage-first heap   total 567296K, used 413093K [0x0000000700000000, 0x0000000800000000)
  region size 2048K, 6 young (12288K), 6 survivors (12288K)
 Metaspace       used 140549K, committed 142720K, reserved 1179648K
  class space    used 19153K, committed 20160K, reserved 1048576K
}
Event: 210.920 GC heap before
{Heap before GC invocations=81 (full 0):
 garbage-first heap   total 567296K, used 476581K [0x0000000700000000, 0x0000000800000000)
  region size 2048K, 37 young (75776K), 6 survivors (12288K)
 Metaspace       used 140700K, committed 142912K, reserved 1179648K
  class space    used 19181K, committed 20224K, reserved 1048576K
}
Event: 210.940 GC heap after
{Heap after GC invocations=82 (full 0):
 garbage-first heap   total 567296K, used 422890K [0x0000000700000000, 0x0000000800000000)
  region size 2048K, 5 young (10240K), 5 survivors (10240K)
 Metaspace       used 140700K, committed 142912K, reserved 1179648K
  class space    used 19181K, committed 20224K, reserved 1048576K
}
Event: 212.211 GC heap before
{Heap before GC invocations=82 (full 0):
 garbage-first heap   total 567296K, used 480234K [0x0000000700000000, 0x0000000800000000)
  region size 2048K, 33 young (67584K), 5 survivors (10240K)
 Metaspace       used 140950K, committed 143104K, reserved 1179648K
  class space    used 19204K, committed 20224K, reserved 1048576K
}
Event: 212.221 GC heap after
{Heap after GC invocations=83 (full 0):
 garbage-first heap   total 567296K, used 425043K [0x0000000700000000, 0x0000000800000000)
  region size 2048K, 2 young (4096K), 2 survivors (4096K)
 Metaspace       used 140950K, committed 143104K, reserved 1179648K
  class space    used 19204K, committed 20224K, reserved 1048576K
}
Event: 213.077 GC heap before
{Heap before GC invocations=83 (full 0):
 garbage-first heap   total 567296K, used 484435K [0x0000000700000000, 0x0000000800000000)
  region size 2048K, 31 young (63488K), 2 survivors (4096K)
 Metaspace       used 141056K, committed 143232K, reserved 1179648K
  class space    used 19206K, committed 20224K, reserved 1048576K
}
Event: 213.081 GC heap after
{Heap after GC invocations=84 (full 0):
 garbage-first heap   total 567296K, used 424387K [0x0000000700000000, 0x0000000800000000)
  region size 2048K, 1 young (2048K), 1 survivors (2048K)
 Metaspace       used 141056K, committed 143232K, reserved 1179648K
  class space    used 19206K, committed 20224K, reserved 1048576K
}
Event: 213.974 GC heap before
{Heap before GC invocations=84 (full 0):
 garbage-first heap   total 567296K, used 487875K [0x0000000700000000, 0x0000000800000000)
  region size 2048K, 32 young (65536K), 1 survivors (2048K)
 Metaspace       used 141109K, committed 143296K, reserved 1179648K
  class space    used 19209K, committed 20224K, reserved 1048576K
}
Event: 213.979 GC heap after
{Heap after GC invocations=85 (full 0):
 garbage-first heap   total 567296K, used 424502K [0x0000000700000000, 0x0000000800000000)
  region size 2048K, 1 young (2048K), 1 survivors (2048K)
 Metaspace       used 141109K, committed 143296K, reserved 1179648K
  class space    used 19209K, committed 20224K, reserved 1048576K
}
Event: 215.081 GC heap before
{Heap before GC invocations=85 (full 0):
 garbage-first heap   total 567296K, used 492086K [0x0000000700000000, 0x0000000800000000)
  region size 2048K, 34 young (69632K), 1 survivors (2048K)
 Metaspace       used 141185K, committed 143360K, reserved 1179648K
  class space    used 19212K, committed 20224K, reserved 1048576K
}
Event: 215.086 GC heap after
{Heap after GC invocations=86 (full 0):
 garbage-first heap   total 567296K, used 424890K [0x0000000700000000, 0x0000000800000000)
  region size 2048K, 1 young (2048K), 1 survivors (2048K)
 Metaspace       used 141185K, committed 143360K, reserved 1179648K
  class space    used 19212K, committed 20224K, reserved 1048576K
}
Event: 215.730 GC heap before
{Heap before GC invocations=86 (full 0):
 garbage-first heap   total 567296K, used 494522K [0x0000000700000000, 0x0000000800000000)
  region size 2048K, 35 young (71680K), 1 survivors (2048K)
 Metaspace       used 141234K, committed 143360K, reserved 1179648K
  class space    used 19214K, committed 20224K, reserved 1048576K
}
Event: 215.736 GC heap after
{Heap after GC invocations=87 (full 0):
 garbage-first heap   total 567296K, used 425540K [0x0000000700000000, 0x0000000800000000)
  region size 2048K, 2 young (4096K), 2 survivors (4096K)
 Metaspace       used 141234K, committed 143360K, reserved 1179648K
  class space    used 19214K, committed 20224K, reserved 1048576K
}

