# JRE version: OpenJDK Runtime Environment Temurin-17.0.18+8 (17.0.18+8) (build 17.0.18+8)
# Java VM: OpenJDK 64-Bit Server VM Temurin-17.0.18+8 (17.0.18+8, mixed mode, sharing, tiered, compressed oops, compressed class ptrs, g1 gc, windows-amd64)
GC Precious Log:
 CPUs: 16 total, 16 available
 Memory: 15985M
 Large Page Support: Disabled
 NUMA Support: Disabled
 Compressed Oops: Enabled (Zero based)
 Heap Region Size: 2M
 Heap Min Capacity: 8M
 Heap Initial Capacity: 250M
 Heap Max Capacity: 4G
 Pre-touch: Disabled
 Parallel Workers: 13
 Concurrent Workers: 3
 Concurrent Refinement Workers: 13
 Periodic GC: Disabled
Heap:
 garbage-first heap   total 374784K, used 246135K [0x0000000700000000, 0x0000000800000000)
  region size 2048K, 5 young (10240K), 5 survivors (10240K)
 Metaspace       used 101563K, committed 103168K, reserved 1179648K
  class space    used 14068K, committed 14784K, reserved 1048576K
GC Heap History (20 events):
Event: 78.756 GC heap after
{Heap after GC invocations=47 (full 0):
 garbage-first heap   total 374784K, used 133743K [0x0000000700000000, 0x0000000800000000)
  region size 2048K, 13 young (26624K), 13 survivors (26624K)
 Metaspace       used 94463K, committed 95360K, reserved 1179648K
  class space    used 13166K, committed 13568K, reserved 1048576K
}
Event: 80.512 GC heap before
{Heap before GC invocations=47 (full 0):
 garbage-first heap   total 374784K, used 299631K [0x0000000700000000, 0x0000000800000000)
  region size 2048K, 92 young (188416K), 13 survivors (26624K)
 Metaspace       used 96420K, committed 97472K, reserved 1179648K
  class space    used 13368K, committed 13824K, reserved 1048576K
}
Event: 80.541 GC heap after
{Heap after GC invocations=48 (full 0):
 garbage-first heap   total 374784K, used 158356K [0x0000000700000000, 0x0000000800000000)
  region size 2048K, 10 young (20480K), 10 survivors (20480K)
 Metaspace       used 96420K, committed 97472K, reserved 1179648K
  class space    used 13368K, committed 13824K, reserved 1048576K
}
Event: 81.719 GC heap before
{Heap before GC invocations=48 (full 0):
 garbage-first heap   total 374784K, used 291476K [0x0000000700000000, 0x0000000800000000)
  region size 2048K, 75 young (153600K), 10 survivors (20480K)
 Metaspace       used 96704K, committed 97792K, reserved 1179648K
  class space    used 13400K, committed 13888K, reserved 1048576K
}
Event: 81.741 GC heap after
{Heap after GC invocations=49 (full 0):
 garbage-first heap   total 374784K, used 173080K [0x0000000700000000, 0x0000000800000000)
  region size 2048K, 8 young (16384K), 8 survivors (16384K)
 Metaspace       used 96704K, committed 97792K, reserved 1179648K
  class space    used 13400K, committed 13888K, reserved 1048576K
}
Event: 83.908 GC heap before
{Heap before GC invocations=49 (full 0):
 garbage-first heap   total 374784K, used 291864K [0x0000000700000000, 0x0000000800000000)
  region size 2048K, 67 young (137216K), 8 survivors (16384K)
 Metaspace       used 97776K, committed 98944K, reserved 1179648K
  class space    used 13534K, committed 14080K, reserved 1048576K
}
Event: 83.930 GC heap after
{Heap after GC invocations=50 (full 0):
 garbage-first heap   total 374784K, used 189599K [0x0000000700000000, 0x0000000800000000)
  region size 2048K, 9 young (18432K), 9 survivors (18432K)
 Metaspace       used 97776K, committed 98944K, reserved 1179648K
  class space    used 13534K, committed 14080K, reserved 1048576K
}
Event: 85.559 GC heap before
{Heap before GC invocations=50 (full 0):
 garbage-first heap   total 374784K, used 294047K [0x0000000700000000, 0x0000000800000000)
  region size 2048K, 61 young (124928K), 9 survivors (18432K)
 Metaspace       used 98083K, committed 99264K, reserved 1179648K
  class space    used 13573K, committed 14144K, reserved 1048576K
}
Event: 85.579 GC heap after
{Heap after GC invocations=51 (full 0):
 garbage-first heap   total 374784K, used 202258K [0x0000000700000000, 0x0000000800000000)
  region size 2048K, 8 young (16384K), 8 survivors (16384K)
 Metaspace       used 98083K, committed 99264K, reserved 1179648K
  class space    used 13573K, committed 14144K, reserved 1048576K
}
Event: 87.230 GC heap before
{Heap before GC invocations=51 (full 0):
 garbage-first heap   total 374784K, used 292370K [0x0000000700000000, 0x0000000800000000)
  region size 2048K, 53 young (108544K), 8 survivors (16384K)
 Metaspace       used 98305K, committed 99584K, reserved 1179648K
  class space    used 13607K, committed 14208K, reserved 1048576K
}
Event: 87.244 GC heap after
{Heap after GC invocations=52 (full 0):
 garbage-first heap   total 374784K, used 212067K [0x0000000700000000, 0x0000000800000000)
  region size 2048K, 7 young (14336K), 7 survivors (14336K)
 Metaspace       used 98305K, committed 99584K, reserved 1179648K
  class space    used 13607K, committed 14208K, reserved 1048576K
}
Event: 89.411 GC heap before
{Heap before GC invocations=52 (full 0):
 garbage-first heap   total 374784K, used 293987K [0x0000000700000000, 0x0000000800000000)
  region size 2048K, 48 young (98304K), 7 survivors (14336K)
 Metaspace       used 98703K, committed 99968K, reserved 1179648K
  class space    used 13658K, committed 14272K, reserved 1048576K
}
Event: 89.423 GC heap after
{Heap after GC invocations=53 (full 0):
 garbage-first heap   total 374784K, used 218836K [0x0000000700000000, 0x0000000800000000)
  region size 2048K, 5 young (10240K), 5 survivors (10240K)
 Metaspace       used 98703K, committed 99968K, reserved 1179648K
  class space    used 13658K, committed 14272K, reserved 1048576K
}
Event: 89.643 GC heap before
{Heap before GC invocations=53 (full 0):
 garbage-first heap   total 374784K, used 296660K [0x0000000700000000, 0x0000000800000000)
  region size 2048K, 44 young (90112K), 5 survivors (10240K)
 Metaspace       used 98703K, committed 99968K, reserved 1179648K
  class space    used 13658K, committed 14272K, reserved 1048576K
}
Event: 89.652 GC heap after
{Heap after GC invocations=54 (full 0):
 garbage-first heap   total 374784K, used 222504K [0x0000000700000000, 0x0000000800000000)
  region size 2048K, 3 young (6144K), 3 survivors (6144K)
 Metaspace       used 98703K, committed 99968K, reserved 1179648K
  class space    used 13658K, committed 14272K, reserved 1048576K
}
Event: 91.802 GC heap before
{Heap before GC invocations=54 (full 0):
 garbage-first heap   total 374784K, used 302376K [0x0000000700000000, 0x0000000800000000)
  region size 2048K, 43 young (88064K), 3 survivors (6144K)
 Metaspace       used 99772K, committed 101248K, reserved 1179648K
  class space    used 13826K, committed 14528K, reserved 1048576K
}
Event: 91.818 GC heap after
{Heap after GC invocations=55 (full 0):
 garbage-first heap   total 374784K, used 235344K [0x0000000700000000, 0x0000000800000000)
  region size 2048K, 6 young (12288K), 6 survivors (12288K)
 Metaspace       used 99772K, committed 101248K, reserved 1179648K
  class space    used 13826K, committed 14528K, reserved 1048576K
}
Event: 92.106 GC heap before
{Heap before GC invocations=55 (full 0):
 garbage-first heap   total 374784K, used 302928K [0x0000000700000000, 0x0000000800000000)
  region size 2048K, 40 young (81920K), 6 survivors (12288K)
 Metaspace       used 99786K, committed 101312K, reserved 1179648K
  class space    used 13829K, committed 14528K, reserved 1048576K
}
Event: 92.119 GC heap after
{Heap after GC invocations=56 (full 0):
 garbage-first heap   total 374784K, used 241463K [0x0000000700000000, 0x0000000800000000)
  region size 2048K, 3 young (6144K), 3 survivors (6144K)
 Metaspace       used 99786K, committed 101312K, reserved 1179648K
  class space    used 13829K, committed 14528K, reserved 1048576K
}
Event: 93.692 GC heap before
{Heap before GC invocations=56 (full 0):
 garbage-first heap   total 374784K, used 306999K [0x0000000700000000, 0x0000000800000000)
  region size 2048K, 36 young (73728K), 3 survivors (6144K)
 Metaspace       used 101563K, committed 103168K, reserved 1179648K
  class space    used 14068K, committed 14784K, reserved 1048576K
}

